<?xml version="1.0" encoding="UTF-8"?>
<testng-results ignored="0" total="1" passed="1" failed="0" skipped="0">
  <reporter-output>
  </reporter-output>
  <suite started-at="2024-12-20T16:20:47 CET" name="Default suite" finished-at="2024-12-20T16:20:52 CET" duration-ms="5069">
    <groups>
    </groups>
    <test started-at="2024-12-20T16:20:47 CET" name="Default test" finished-at="2024-12-20T16:20:52 CET" duration-ms="5069">
      <class name="com.api.test.TestUpdateProfile">
        <test-method signature="updateProfileTest()[pri:0, instance:com.api.test.TestUpdateProfile@7ec7ffd3]" started-at="2024-12-20T16:20:47 CET" name="updateProfileTest" finished-at="2024-12-20T16:20:52 CET" duration-ms="4995" status="PASS">
          <reporter-output>
          </reporter-output>
        </test-method> <!-- updateProfileTest -->
      </class> <!-- com.api.test.TestUpdateProfile -->
    </test> <!-- Default test -->
  </suite> <!-- Default suite -->
</testng-results>
